0 info it worked if it ends with ok
1 verbose cli [ 'C:\\Program Files\\nodejs\\node.exe',
1 verbose cli   'C:\\Program Files\\nodejs\\node_modules\\npm\\bin\\npm-cli.js',
1 verbose cli   'install',
1 verbose cli   'bcrypt',
1 verbose cli   '--save' ]
2 info using npm@3.7.3
3 info using node@v5.9.0
4 silly loadCurrentTree Starting
5 silly install loadCurrentTree
6 silly install readLocalPackageData
7 silly fetchPackageMetaData bcrypt
8 silly fetchNamedPackageData bcrypt
9 silly mapToRegistry name bcrypt
10 silly mapToRegistry using default registry
11 silly mapToRegistry registry https://registry.npmjs.org/
12 silly mapToRegistry uri https://registry.npmjs.org/bcrypt
13 verbose request uri https://registry.npmjs.org/bcrypt
14 verbose request no auth needed
15 info attempt registry request try #1 at 8:08:36 PM
16 verbose request id 7bb2f15eb0128d9b
17 verbose etag "DI14CU6FJU575G5I3WE08R8N0"
18 http request GET https://registry.npmjs.org/bcrypt
19 http 304 https://registry.npmjs.org/bcrypt
20 verbose headers { date: 'Sat, 02 Apr 2016 00:08:36 GMT',
20 verbose headers   via: '1.1 varnish',
20 verbose headers   'cache-control': 'max-age=300',
20 verbose headers   etag: '"DI14CU6FJU575G5I3WE08R8N0"',
20 verbose headers   age: '139',
20 verbose headers   connection: 'keep-alive',
20 verbose headers   'x-served-by': 'cache-jfk1022-JFK',
20 verbose headers   'x-cache': 'HIT',
20 verbose headers   'x-cache-hits': '1',
20 verbose headers   'x-timer': 'S1459555716.025496,VS0,VE0',
20 verbose headers   vary: 'Accept' }
21 silly get cb [ 304,
21 silly get   { date: 'Sat, 02 Apr 2016 00:08:36 GMT',
21 silly get     via: '1.1 varnish',
21 silly get     'cache-control': 'max-age=300',
21 silly get     etag: '"DI14CU6FJU575G5I3WE08R8N0"',
21 silly get     age: '139',
21 silly get     connection: 'keep-alive',
21 silly get     'x-served-by': 'cache-jfk1022-JFK',
21 silly get     'x-cache': 'HIT',
21 silly get     'x-cache-hits': '1',
21 silly get     'x-timer': 'S1459555716.025496,VS0,VE0',
21 silly get     vary: 'Accept' } ]
22 verbose etag https://registry.npmjs.org/bcrypt from cache
23 verbose get saving bcrypt to C:\Users\shrey\AppData\Roaming\npm-cache\registry.npmjs.org\bcrypt\.cache.json
24 verbose correctMkdir C:\Users\shrey\AppData\Roaming\npm-cache correctMkdir not in flight; initializing
25 silly install normalizeTree
26 silly loadCurrentTree Finishing
27 silly loadIdealTree Starting
28 silly install loadIdealTree
29 silly cloneCurrentTree Starting
30 silly install cloneCurrentTreeToIdealTree
31 silly cloneCurrentTree Finishing
32 silly loadShrinkwrap Starting
33 silly install loadShrinkwrap
34 silly loadShrinkwrap Finishing
35 silly loadAllDepsIntoIdealTree Starting
36 silly install loadAllDepsIntoIdealTree
37 silly resolveWithNewModule bcrypt@0.8.5 checking installable status
38 silly cache add args [ 'bcrypt', null ]
39 verbose cache add spec bcrypt
40 silly cache add parsed spec Result {
40 silly cache add   raw: 'bcrypt',
40 silly cache add   scope: null,
40 silly cache add   name: 'bcrypt',
40 silly cache add   rawSpec: '',
40 silly cache add   spec: 'latest',
40 silly cache add   type: 'tag' }
41 silly addNamed bcrypt@latest
42 verbose addNamed "latest" is being treated as a dist-tag for bcrypt
43 info addNameTag [ 'bcrypt', 'latest' ]
44 silly mapToRegistry name bcrypt
45 silly mapToRegistry using default registry
46 silly mapToRegistry registry https://registry.npmjs.org/
47 silly mapToRegistry uri https://registry.npmjs.org/bcrypt
48 verbose addNameTag registry:https://registry.npmjs.org/bcrypt not in flight; fetching
49 verbose get https://registry.npmjs.org/bcrypt not expired, no request
50 silly addNameTag next cb for bcrypt with tag latest
51 silly addNamed bcrypt@0.8.5
52 verbose addNamed "0.8.5" is a plain semver version for bcrypt
53 silly cache afterAdd bcrypt@0.8.5
54 verbose afterAdd C:\Users\shrey\AppData\Roaming\npm-cache\bcrypt\0.8.5\package\package.json not in flight; writing
55 verbose correctMkdir C:\Users\shrey\AppData\Roaming\npm-cache correctMkdir not in flight; initializing
56 verbose afterAdd C:\Users\shrey\AppData\Roaming\npm-cache\bcrypt\0.8.5\package\package.json written
57 silly fetchNamedPackageData bindings
58 silly mapToRegistry name bindings
59 silly mapToRegistry using default registry
60 silly mapToRegistry registry https://registry.npmjs.org/
61 silly mapToRegistry uri https://registry.npmjs.org/bindings
62 silly fetchNamedPackageData nan
63 silly mapToRegistry name nan
64 silly mapToRegistry using default registry
65 silly mapToRegistry registry https://registry.npmjs.org/
66 silly mapToRegistry uri https://registry.npmjs.org/nan
67 verbose request uri https://registry.npmjs.org/bindings
68 verbose request no auth needed
69 info attempt registry request try #1 at 8:08:36 PM
70 verbose etag "1LLBF9OH58DLBEL4629U6032D"
71 http request GET https://registry.npmjs.org/bindings
72 verbose request uri https://registry.npmjs.org/nan
73 verbose request no auth needed
74 info attempt registry request try #1 at 8:08:36 PM
75 verbose etag "2UZKQOUIL0TMX4WY7FZ5Q5HJQ"
76 http request GET https://registry.npmjs.org/nan
77 http 304 https://registry.npmjs.org/nan
78 verbose headers { date: 'Sat, 02 Apr 2016 00:08:36 GMT',
78 verbose headers   via: '1.1 varnish',
78 verbose headers   'cache-control': 'max-age=300',
78 verbose headers   etag: '"2UZKQOUIL0TMX4WY7FZ5Q5HJQ"',
78 verbose headers   age: '213',
78 verbose headers   connection: 'keep-alive',
78 verbose headers   'x-served-by': 'cache-jfk1035-JFK',
78 verbose headers   'x-cache': 'HIT',
78 verbose headers   'x-cache-hits': '5',
78 verbose headers   'x-timer': 'S1459555716.529038,VS0,VE0',
78 verbose headers   vary: 'Accept' }
79 silly get cb [ 304,
79 silly get   { date: 'Sat, 02 Apr 2016 00:08:36 GMT',
79 silly get     via: '1.1 varnish',
79 silly get     'cache-control': 'max-age=300',
79 silly get     etag: '"2UZKQOUIL0TMX4WY7FZ5Q5HJQ"',
79 silly get     age: '213',
79 silly get     connection: 'keep-alive',
79 silly get     'x-served-by': 'cache-jfk1035-JFK',
79 silly get     'x-cache': 'HIT',
79 silly get     'x-cache-hits': '5',
79 silly get     'x-timer': 'S1459555716.529038,VS0,VE0',
79 silly get     vary: 'Accept' } ]
80 verbose etag https://registry.npmjs.org/nan from cache
81 verbose get saving nan to C:\Users\shrey\AppData\Roaming\npm-cache\registry.npmjs.org\nan\.cache.json
82 verbose correctMkdir C:\Users\shrey\AppData\Roaming\npm-cache correctMkdir not in flight; initializing
83 http 304 https://registry.npmjs.org/bindings
84 verbose headers { date: 'Sat, 02 Apr 2016 00:08:36 GMT',
84 verbose headers   via: '1.1 varnish',
84 verbose headers   'cache-control': 'max-age=300',
84 verbose headers   etag: '"1LLBF9OH58DLBEL4629U6032D"',
84 verbose headers   age: '21',
84 verbose headers   connection: 'keep-alive',
84 verbose headers   'x-served-by': 'cache-jfk1023-JFK',
84 verbose headers   'x-cache': 'HIT',
84 verbose headers   'x-cache-hits': '313',
84 verbose headers   'x-timer': 'S1459555716.535097,VS0,VE0',
84 verbose headers   vary: 'Accept' }
85 silly get cb [ 304,
85 silly get   { date: 'Sat, 02 Apr 2016 00:08:36 GMT',
85 silly get     via: '1.1 varnish',
85 silly get     'cache-control': 'max-age=300',
85 silly get     etag: '"1LLBF9OH58DLBEL4629U6032D"',
85 silly get     age: '21',
85 silly get     connection: 'keep-alive',
85 silly get     'x-served-by': 'cache-jfk1023-JFK',
85 silly get     'x-cache': 'HIT',
85 silly get     'x-cache-hits': '313',
85 silly get     'x-timer': 'S1459555716.535097,VS0,VE0',
85 silly get     vary: 'Accept' } ]
86 verbose etag https://registry.npmjs.org/bindings from cache
87 verbose get saving bindings to C:\Users\shrey\AppData\Roaming\npm-cache\registry.npmjs.org\bindings\.cache.json
88 verbose correctMkdir C:\Users\shrey\AppData\Roaming\npm-cache correctMkdir not in flight; initializing
89 silly resolveWithNewModule bindings@1.2.1 checking installable status
90 silly cache add args [ 'bindings@1.2.1', null ]
91 verbose cache add spec bindings@1.2.1
92 silly cache add parsed spec Result {
92 silly cache add   raw: 'bindings@1.2.1',
92 silly cache add   scope: null,
92 silly cache add   name: 'bindings',
92 silly cache add   rawSpec: '1.2.1',
92 silly cache add   spec: '1.2.1',
92 silly cache add   type: 'version' }
93 silly addNamed bindings@1.2.1
94 verbose addNamed "1.2.1" is a plain semver version for bindings
95 silly mapToRegistry name bindings
96 silly mapToRegistry using default registry
97 silly mapToRegistry registry https://registry.npmjs.org/
98 silly mapToRegistry uri https://registry.npmjs.org/bindings
99 verbose addNameVersion registry:https://registry.npmjs.org/bindings not in flight; fetching
100 silly resolveWithNewModule nan@2.0.5 checking installable status
101 silly cache add args [ 'nan@2.0.5', null ]
102 verbose cache add spec nan@2.0.5
103 silly cache add parsed spec Result {
103 silly cache add   raw: 'nan@2.0.5',
103 silly cache add   scope: null,
103 silly cache add   name: 'nan',
103 silly cache add   rawSpec: '2.0.5',
103 silly cache add   spec: '2.0.5',
103 silly cache add   type: 'version' }
104 silly addNamed nan@2.0.5
105 verbose addNamed "2.0.5" is a plain semver version for nan
106 silly mapToRegistry name nan
107 silly mapToRegistry using default registry
108 silly mapToRegistry registry https://registry.npmjs.org/
109 silly mapToRegistry uri https://registry.npmjs.org/nan
110 verbose addNameVersion registry:https://registry.npmjs.org/nan not in flight; fetching
111 verbose get https://registry.npmjs.org/bindings not expired, no request
112 verbose get https://registry.npmjs.org/nan not expired, no request
113 silly cache afterAdd bindings@1.2.1
114 verbose afterAdd C:\Users\shrey\AppData\Roaming\npm-cache\bindings\1.2.1\package\package.json not in flight; writing
115 verbose correctMkdir C:\Users\shrey\AppData\Roaming\npm-cache correctMkdir not in flight; initializing
116 silly cache afterAdd nan@2.0.5
117 verbose afterAdd C:\Users\shrey\AppData\Roaming\npm-cache\nan\2.0.5\package\package.json not in flight; writing
118 verbose correctMkdir C:\Users\shrey\AppData\Roaming\npm-cache correctMkdir not in flight; initializing
119 verbose afterAdd C:\Users\shrey\AppData\Roaming\npm-cache\nan\2.0.5\package\package.json written
120 verbose afterAdd C:\Users\shrey\AppData\Roaming\npm-cache\bindings\1.2.1\package\package.json written
121 silly loadAllDepsIntoIdealTree Finishing
122 silly idealTree:prePrune socketio@1.0.0
122 silly idealTree:prePrune +-- accepts@1.2.13
122 silly idealTree:prePrune +-- after@0.8.1
122 silly idealTree:prePrune +-- array-flatten@1.1.1
122 silly idealTree:prePrune +-- arraybuffer.slice@0.0.6
122 silly idealTree:prePrune +-- async@1.5.2
122 silly idealTree:prePrune +-- backo2@1.0.2
122 silly idealTree:prePrune +-- base64-arraybuffer@0.1.2
122 silly idealTree:prePrune +-- base64id@0.1.0
122 silly idealTree:prePrune +-- basic-auth@1.0.3
122 silly idealTree:prePrune +-- bcrypt@0.8.5
122 silly idealTree:prePrune +-- benchmark@1.0.0
122 silly idealTree:prePrune +-- better-assert@1.0.2
122 silly idealTree:prePrune +-- bindings@1.2.1
122 silly idealTree:prePrune +-- blob@0.0.4
122 silly idealTree:prePrune +-- bluebird@2.10.2
122 silly idealTree:prePrune +-- bson@0.4.21
122 silly idealTree:prePrune +-- callsite@1.0.0
122 silly idealTree:prePrune +-- component-bind@1.0.0
122 silly idealTree:prePrune +-- component-emitter@1.1.2
122 silly idealTree:prePrune +-- component-inherit@0.0.3
122 silly idealTree:prePrune +-- content-disposition@0.5.1
122 silly idealTree:prePrune +-- content-type@1.0.1
122 silly idealTree:prePrune +-- cookie-signature@1.0.6
122 silly idealTree:prePrune +-- cookie@0.1.5
122 silly idealTree:prePrune +-- core-util-is@1.0.2
122 silly idealTree:prePrune +-- debug@2.2.0
122 silly idealTree:prePrune +-- depd@1.1.0
122 silly idealTree:prePrune +-- destroy@1.0.4
122 silly idealTree:prePrune +-- ee-first@1.1.1
122 silly idealTree:prePrune +-- engine.io-client@1.6.8
122 silly idealTree:prePrune +-- engine.io-parser@1.2.4
122 silly idealTree:prePrune | `-- has-binary@0.1.6
122 silly idealTree:prePrune +-- engine.io@1.6.8
122 silly idealTree:prePrune | +-- accepts@1.1.4
122 silly idealTree:prePrune | +-- mime-db@1.12.0
122 silly idealTree:prePrune | +-- mime-types@2.0.14
122 silly idealTree:prePrune | `-- negotiator@0.4.9
122 silly idealTree:prePrune +-- es6-promise@3.0.2
122 silly idealTree:prePrune +-- escape-html@1.0.3
122 silly idealTree:prePrune +-- etag@1.7.0
122 silly idealTree:prePrune +-- express@4.13.4
122 silly idealTree:prePrune +-- finalhandler@0.4.1
122 silly idealTree:prePrune +-- forwarded@0.1.0
122 silly idealTree:prePrune +-- fresh@0.3.0
122 silly idealTree:prePrune +-- has-binary@0.1.7
122 silly idealTree:prePrune +-- has-cors@1.1.0
122 silly idealTree:prePrune +-- hooks-fixed@1.1.0
122 silly idealTree:prePrune +-- http-errors@1.3.1
122 silly idealTree:prePrune +-- indexof@0.0.1
122 silly idealTree:prePrune +-- inherits@2.0.1
122 silly idealTree:prePrune +-- ipaddr.js@1.0.5
122 silly idealTree:prePrune +-- isarray@0.0.1
122 silly idealTree:prePrune +-- json3@3.2.6
122 silly idealTree:prePrune +-- kareem@1.0.1
122 silly idealTree:prePrune +-- media-typer@0.3.0
122 silly idealTree:prePrune +-- merge-descriptors@1.0.1
122 silly idealTree:prePrune +-- methods@1.1.2
122 silly idealTree:prePrune +-- mime-db@1.22.0
122 silly idealTree:prePrune +-- mime-types@2.1.10
122 silly idealTree:prePrune +-- mime@1.3.4
122 silly idealTree:prePrune +-- mongodb-core@1.3.9
122 silly idealTree:prePrune +-- mongodb@2.1.10
122 silly idealTree:prePrune +-- mongoose@4.4.10
122 silly idealTree:prePrune +-- morgan@1.7.0
122 silly idealTree:prePrune +-- mpath@0.2.1
122 silly idealTree:prePrune +-- mpromise@0.5.5
122 silly idealTree:prePrune +-- mquery@1.10.0
122 silly idealTree:prePrune | `-- sliced@0.0.5
122 silly idealTree:prePrune +-- ms@0.7.1
122 silly idealTree:prePrune +-- muri@1.1.0
122 silly idealTree:prePrune +-- nan@2.0.5
122 silly idealTree:prePrune +-- negotiator@0.5.3
122 silly idealTree:prePrune +-- object-component@0.0.3
122 silly idealTree:prePrune +-- on-finished@2.3.0
122 silly idealTree:prePrune +-- on-headers@1.0.1
122 silly idealTree:prePrune +-- options@0.0.6
122 silly idealTree:prePrune +-- parsejson@0.0.1
122 silly idealTree:prePrune +-- parseqs@0.0.2
122 silly idealTree:prePrune +-- parseuri@0.0.4
122 silly idealTree:prePrune +-- parseurl@1.3.1
122 silly idealTree:prePrune +-- path-to-regexp@0.1.7
122 silly idealTree:prePrune +-- proxy-addr@1.0.10
122 silly idealTree:prePrune +-- qs@4.0.0
122 silly idealTree:prePrune +-- range-parser@1.0.3
122 silly idealTree:prePrune +-- readable-stream@1.0.31
122 silly idealTree:prePrune +-- regexp-clone@0.0.1
122 silly idealTree:prePrune +-- require_optional@1.0.0
122 silly idealTree:prePrune +-- resolve-from@2.0.0
122 silly idealTree:prePrune +-- semver@5.1.0
122 silly idealTree:prePrune +-- send@0.13.1
122 silly idealTree:prePrune +-- serve-static@1.10.2
122 silly idealTree:prePrune +-- sliced@1.0.1
122 silly idealTree:prePrune +-- socket.io-adapter@0.4.0
122 silly idealTree:prePrune | `-- socket.io-parser@2.2.2
122 silly idealTree:prePrune |   `-- debug@0.7.4
122 silly idealTree:prePrune +-- socket.io-client@1.4.5
122 silly idealTree:prePrune | `-- component-emitter@1.2.0
122 silly idealTree:prePrune +-- socket.io-parser@2.2.6
122 silly idealTree:prePrune | `-- json3@3.3.2
122 silly idealTree:prePrune +-- socket.io@1.4.5
122 silly idealTree:prePrune +-- statuses@1.2.1
122 silly idealTree:prePrune +-- string_decoder@0.10.31
122 silly idealTree:prePrune +-- to-array@0.1.4
122 silly idealTree:prePrune +-- type-is@1.6.12
122 silly idealTree:prePrune +-- ultron@1.0.2
122 silly idealTree:prePrune +-- unpipe@1.0.0
122 silly idealTree:prePrune +-- utf8@2.1.0
122 silly idealTree:prePrune +-- utils-merge@1.0.0
122 silly idealTree:prePrune +-- vary@1.0.1
122 silly idealTree:prePrune +-- ws@1.0.1
122 silly idealTree:prePrune +-- xmlhttprequest-ssl@1.5.1
122 silly idealTree:prePrune `-- yeast@0.1.2
123 silly loadIdealTree Finishing
124 silly currentTree socketio@1.0.0
124 silly currentTree +-- accepts@1.2.13
124 silly currentTree +-- after@0.8.1
124 silly currentTree +-- array-flatten@1.1.1
124 silly currentTree +-- arraybuffer.slice@0.0.6
124 silly currentTree +-- async@1.5.2
124 silly currentTree +-- backo2@1.0.2
124 silly currentTree +-- base64-arraybuffer@0.1.2
124 silly currentTree +-- base64id@0.1.0
124 silly currentTree +-- basic-auth@1.0.3
124 silly currentTree +-- benchmark@1.0.0
124 silly currentTree +-- better-assert@1.0.2
124 silly currentTree +-- blob@0.0.4
124 silly currentTree +-- bluebird@2.10.2
124 silly currentTree +-- bson@0.4.21
124 silly currentTree +-- callsite@1.0.0
124 silly currentTree +-- component-bind@1.0.0
124 silly currentTree +-- component-emitter@1.1.2
124 silly currentTree +-- component-inherit@0.0.3
124 silly currentTree +-- content-disposition@0.5.1
124 silly currentTree +-- content-type@1.0.1
124 silly currentTree +-- cookie-signature@1.0.6
124 silly currentTree +-- cookie@0.1.5
124 silly currentTree +-- core-util-is@1.0.2
124 silly currentTree +-- debug@2.2.0
124 silly currentTree +-- depd@1.1.0
124 silly currentTree +-- destroy@1.0.4
124 silly currentTree +-- ee-first@1.1.1
124 silly currentTree +-- engine.io-client@1.6.8
124 silly currentTree +-- engine.io-parser@1.2.4
124 silly currentTree | `-- has-binary@0.1.6
124 silly currentTree +-- engine.io@1.6.8
124 silly currentTree | +-- accepts@1.1.4
124 silly currentTree | +-- mime-db@1.12.0
124 silly currentTree | +-- mime-types@2.0.14
124 silly currentTree | `-- negotiator@0.4.9
124 silly currentTree +-- es6-promise@3.0.2
124 silly currentTree +-- escape-html@1.0.3
124 silly currentTree +-- etag@1.7.0
124 silly currentTree +-- express@4.13.4
124 silly currentTree +-- finalhandler@0.4.1
124 silly currentTree +-- forwarded@0.1.0
124 silly currentTree +-- fresh@0.3.0
124 silly currentTree +-- has-binary@0.1.7
124 silly currentTree +-- has-cors@1.1.0
124 silly currentTree +-- hooks-fixed@1.1.0
124 silly currentTree +-- http-errors@1.3.1
124 silly currentTree +-- indexof@0.0.1
124 silly currentTree +-- inherits@2.0.1
124 silly currentTree +-- ipaddr.js@1.0.5
124 silly currentTree +-- isarray@0.0.1
124 silly currentTree +-- json3@3.2.6
124 silly currentTree +-- kareem@1.0.1
124 silly currentTree +-- media-typer@0.3.0
124 silly currentTree +-- merge-descriptors@1.0.1
124 silly currentTree +-- methods@1.1.2
124 silly currentTree +-- mime-db@1.22.0
124 silly currentTree +-- mime-types@2.1.10
124 silly currentTree +-- mime@1.3.4
124 silly currentTree +-- mongodb-core@1.3.9
124 silly currentTree +-- mongodb@2.1.10
124 silly currentTree +-- mongoose@4.4.10
124 silly currentTree +-- morgan@1.7.0
124 silly currentTree +-- mpath@0.2.1
124 silly currentTree +-- mpromise@0.5.5
124 silly currentTree +-- mquery@1.10.0
124 silly currentTree | `-- sliced@0.0.5
124 silly currentTree +-- ms@0.7.1
124 silly currentTree +-- muri@1.1.0
124 silly currentTree +-- negotiator@0.5.3
124 silly currentTree +-- object-component@0.0.3
124 silly currentTree +-- on-finished@2.3.0
124 silly currentTree +-- on-headers@1.0.1
124 silly currentTree +-- options@0.0.6
124 silly currentTree +-- parsejson@0.0.1
124 silly currentTree +-- parseqs@0.0.2
124 silly currentTree +-- parseuri@0.0.4
124 silly currentTree +-- parseurl@1.3.1
124 silly currentTree +-- path-to-regexp@0.1.7
124 silly currentTree +-- proxy-addr@1.0.10
124 silly currentTree +-- qs@4.0.0
124 silly currentTree +-- range-parser@1.0.3
124 silly currentTree +-- readable-stream@1.0.31
124 silly currentTree +-- regexp-clone@0.0.1
124 silly currentTree +-- require_optional@1.0.0
124 silly currentTree +-- resolve-from@2.0.0
124 silly currentTree +-- semver@5.1.0
124 silly currentTree +-- send@0.13.1
124 silly currentTree +-- serve-static@1.10.2
124 silly currentTree +-- sliced@1.0.1
124 silly currentTree +-- socket.io-adapter@0.4.0
124 silly currentTree | `-- socket.io-parser@2.2.2
124 silly currentTree |   `-- debug@0.7.4
124 silly currentTree +-- socket.io-client@1.4.5
124 silly currentTree | `-- component-emitter@1.2.0
124 silly currentTree +-- socket.io-parser@2.2.6
124 silly currentTree | `-- json3@3.3.2
124 silly currentTree +-- socket.io@1.4.5
124 silly currentTree +-- statuses@1.2.1
124 silly currentTree +-- string_decoder@0.10.31
124 silly currentTree +-- to-array@0.1.4
124 silly currentTree +-- type-is@1.6.12
124 silly currentTree +-- ultron@1.0.2
124 silly currentTree +-- unpipe@1.0.0
124 silly currentTree +-- utf8@2.1.0
124 silly currentTree +-- utils-merge@1.0.0
124 silly currentTree +-- vary@1.0.1
124 silly currentTree +-- ws@1.0.1
124 silly currentTree +-- xmlhttprequest-ssl@1.5.1
124 silly currentTree `-- yeast@0.1.2
125 silly idealTree socketio@1.0.0
125 silly idealTree +-- accepts@1.2.13
125 silly idealTree +-- after@0.8.1
125 silly idealTree +-- array-flatten@1.1.1
125 silly idealTree +-- arraybuffer.slice@0.0.6
125 silly idealTree +-- async@1.5.2
125 silly idealTree +-- backo2@1.0.2
125 silly idealTree +-- base64-arraybuffer@0.1.2
125 silly idealTree +-- base64id@0.1.0
125 silly idealTree +-- basic-auth@1.0.3
125 silly idealTree +-- bcrypt@0.8.5
125 silly idealTree +-- benchmark@1.0.0
125 silly idealTree +-- better-assert@1.0.2
125 silly idealTree +-- bindings@1.2.1
125 silly idealTree +-- blob@0.0.4
125 silly idealTree +-- bluebird@2.10.2
125 silly idealTree +-- bson@0.4.21
125 silly idealTree +-- callsite@1.0.0
125 silly idealTree +-- component-bind@1.0.0
125 silly idealTree +-- component-emitter@1.1.2
125 silly idealTree +-- component-inherit@0.0.3
125 silly idealTree +-- content-disposition@0.5.1
125 silly idealTree +-- content-type@1.0.1
125 silly idealTree +-- cookie-signature@1.0.6
125 silly idealTree +-- cookie@0.1.5
125 silly idealTree +-- core-util-is@1.0.2
125 silly idealTree +-- debug@2.2.0
125 silly idealTree +-- depd@1.1.0
125 silly idealTree +-- destroy@1.0.4
125 silly idealTree +-- ee-first@1.1.1
125 silly idealTree +-- engine.io-client@1.6.8
125 silly idealTree +-- engine.io-parser@1.2.4
125 silly idealTree | `-- has-binary@0.1.6
125 silly idealTree +-- engine.io@1.6.8
125 silly idealTree | +-- accepts@1.1.4
125 silly idealTree | +-- mime-db@1.12.0
125 silly idealTree | +-- mime-types@2.0.14
125 silly idealTree | `-- negotiator@0.4.9
125 silly idealTree +-- es6-promise@3.0.2
125 silly idealTree +-- escape-html@1.0.3
125 silly idealTree +-- etag@1.7.0
125 silly idealTree +-- express@4.13.4
125 silly idealTree +-- finalhandler@0.4.1
125 silly idealTree +-- forwarded@0.1.0
125 silly idealTree +-- fresh@0.3.0
125 silly idealTree +-- has-binary@0.1.7
125 silly idealTree +-- has-cors@1.1.0
125 silly idealTree +-- hooks-fixed@1.1.0
125 silly idealTree +-- http-errors@1.3.1
125 silly idealTree +-- indexof@0.0.1
125 silly idealTree +-- inherits@2.0.1
125 silly idealTree +-- ipaddr.js@1.0.5
125 silly idealTree +-- isarray@0.0.1
125 silly idealTree +-- json3@3.2.6
125 silly idealTree +-- kareem@1.0.1
125 silly idealTree +-- media-typer@0.3.0
125 silly idealTree +-- merge-descriptors@1.0.1
125 silly idealTree +-- methods@1.1.2
125 silly idealTree +-- mime-db@1.22.0
125 silly idealTree +-- mime-types@2.1.10
125 silly idealTree +-- mime@1.3.4
125 silly idealTree +-- mongodb-core@1.3.9
125 silly idealTree +-- mongodb@2.1.10
125 silly idealTree +-- mongoose@4.4.10
125 silly idealTree +-- morgan@1.7.0
125 silly idealTree +-- mpath@0.2.1
125 silly idealTree +-- mpromise@0.5.5
125 silly idealTree +-- mquery@1.10.0
125 silly idealTree | `-- sliced@0.0.5
125 silly idealTree +-- ms@0.7.1
125 silly idealTree +-- muri@1.1.0
125 silly idealTree +-- nan@2.0.5
125 silly idealTree +-- negotiator@0.5.3
125 silly idealTree +-- object-component@0.0.3
125 silly idealTree +-- on-finished@2.3.0
125 silly idealTree +-- on-headers@1.0.1
125 silly idealTree +-- options@0.0.6
125 silly idealTree +-- parsejson@0.0.1
125 silly idealTree +-- parseqs@0.0.2
125 silly idealTree +-- parseuri@0.0.4
125 silly idealTree +-- parseurl@1.3.1
125 silly idealTree +-- path-to-regexp@0.1.7
125 silly idealTree +-- proxy-addr@1.0.10
125 silly idealTree +-- qs@4.0.0
125 silly idealTree +-- range-parser@1.0.3
125 silly idealTree +-- readable-stream@1.0.31
125 silly idealTree +-- regexp-clone@0.0.1
125 silly idealTree +-- require_optional@1.0.0
125 silly idealTree +-- resolve-from@2.0.0
125 silly idealTree +-- semver@5.1.0
125 silly idealTree +-- send@0.13.1
125 silly idealTree +-- serve-static@1.10.2
125 silly idealTree +-- sliced@1.0.1
125 silly idealTree +-- socket.io-adapter@0.4.0
125 silly idealTree | `-- socket.io-parser@2.2.2
125 silly idealTree |   `-- debug@0.7.4
125 silly idealTree +-- socket.io-client@1.4.5
125 silly idealTree | `-- component-emitter@1.2.0
125 silly idealTree +-- socket.io-parser@2.2.6
125 silly idealTree | `-- json3@3.3.2
125 silly idealTree +-- socket.io@1.4.5
125 silly idealTree +-- statuses@1.2.1
125 silly idealTree +-- string_decoder@0.10.31
125 silly idealTree +-- to-array@0.1.4
125 silly idealTree +-- type-is@1.6.12
125 silly idealTree +-- ultron@1.0.2
125 silly idealTree +-- unpipe@1.0.0
125 silly idealTree +-- utf8@2.1.0
125 silly idealTree +-- utils-merge@1.0.0
125 silly idealTree +-- vary@1.0.1
125 silly idealTree +-- ws@1.0.1
125 silly idealTree +-- xmlhttprequest-ssl@1.5.1
125 silly idealTree `-- yeast@0.1.2
126 silly generateActionsToTake Starting
127 silly install generateActionsToTake
128 silly generateActionsToTake Finishing
129 silly diffTrees action count 3
130 silly diffTrees add bindings@1.2.1
131 silly diffTrees add nan@2.0.5
132 silly diffTrees add bcrypt@0.8.5
133 silly decomposeActions action count 24
134 silly decomposeActions fetch bindings@1.2.1
135 silly decomposeActions extract bindings@1.2.1
136 silly decomposeActions test bindings@1.2.1
137 silly decomposeActions preinstall bindings@1.2.1
138 silly decomposeActions build bindings@1.2.1
139 silly decomposeActions install bindings@1.2.1
140 silly decomposeActions postinstall bindings@1.2.1
141 silly decomposeActions finalize bindings@1.2.1
142 silly decomposeActions fetch nan@2.0.5
143 silly decomposeActions extract nan@2.0.5
144 silly decomposeActions test nan@2.0.5
145 silly decomposeActions preinstall nan@2.0.5
146 silly decomposeActions build nan@2.0.5
147 silly decomposeActions install nan@2.0.5
148 silly decomposeActions postinstall nan@2.0.5
149 silly decomposeActions finalize nan@2.0.5
150 silly decomposeActions fetch bcrypt@0.8.5
151 silly decomposeActions extract bcrypt@0.8.5
152 silly decomposeActions test bcrypt@0.8.5
153 silly decomposeActions preinstall bcrypt@0.8.5
154 silly decomposeActions build bcrypt@0.8.5
155 silly decomposeActions install bcrypt@0.8.5
156 silly decomposeActions postinstall bcrypt@0.8.5
157 silly decomposeActions finalize bcrypt@0.8.5
158 silly executeActions Starting
159 silly install executeActions
160 silly doSerial global-install 0
161 silly doParallel fetch 3
162 verbose correctMkdir C:\Users\shrey\AppData\Roaming\npm-cache\_locks correctMkdir not in flight; initializing
163 verbose lock using C:\Users\shrey\AppData\Roaming\npm-cache\_locks\staging-745f041dfb5e72f0.lock for C:\users\shrey\desktop\projects\associate-me-app\node_modules\.staging
164 silly doParallel extract 3
165 silly extract bindings@1.2.1
166 silly extract nan@2.0.5
167 silly extract bcrypt@0.8.5
168 verbose unbuild node_modules\.staging\bindings-afe90e36
169 verbose unbuild node_modules\.staging\nan-6e985350
170 verbose unbuild node_modules\.staging\bcrypt-febb5f9d
171 silly gentlyRm C:\users\shrey\desktop\projects\associate-me-app\node_modules\.staging\bindings-afe90e36 is being purged from base C:\users\shrey\desktop\projects\associate-me-app
172 verbose gentlyRm don't care about contents; nuking C:\users\shrey\desktop\projects\associate-me-app\node_modules\.staging\bindings-afe90e36
173 silly gentlyRm C:\users\shrey\desktop\projects\associate-me-app\node_modules\.staging\nan-6e985350 is being purged from base C:\users\shrey\desktop\projects\associate-me-app
174 verbose gentlyRm don't care about contents; nuking C:\users\shrey\desktop\projects\associate-me-app\node_modules\.staging\nan-6e985350
175 silly gentlyRm C:\users\shrey\desktop\projects\associate-me-app\node_modules\.staging\bcrypt-febb5f9d is being purged from base C:\users\shrey\desktop\projects\associate-me-app
176 verbose gentlyRm don't care about contents; nuking C:\users\shrey\desktop\projects\associate-me-app\node_modules\.staging\bcrypt-febb5f9d
177 verbose tar unpack C:\Users\shrey\AppData\Roaming\npm-cache\bindings\1.2.1\package.tgz
178 verbose tar unpacking to C:\users\shrey\desktop\projects\associate-me-app\node_modules\.staging\bindings-afe90e36
179 silly gentlyRm C:\users\shrey\desktop\projects\associate-me-app\node_modules\.staging\bindings-afe90e36 is being purged
180 verbose gentlyRm don't care about contents; nuking C:\users\shrey\desktop\projects\associate-me-app\node_modules\.staging\bindings-afe90e36
181 verbose tar unpack C:\Users\shrey\AppData\Roaming\npm-cache\nan\2.0.5\package.tgz
182 verbose tar unpacking to C:\users\shrey\desktop\projects\associate-me-app\node_modules\.staging\nan-6e985350
183 silly gentlyRm C:\users\shrey\desktop\projects\associate-me-app\node_modules\.staging\nan-6e985350 is being purged
184 verbose gentlyRm don't care about contents; nuking C:\users\shrey\desktop\projects\associate-me-app\node_modules\.staging\nan-6e985350
185 verbose tar unpack C:\Users\shrey\AppData\Roaming\npm-cache\bcrypt\0.8.5\package.tgz
186 verbose tar unpacking to C:\users\shrey\desktop\projects\associate-me-app\node_modules\.staging\bcrypt-febb5f9d
187 silly gentlyRm C:\users\shrey\desktop\projects\associate-me-app\node_modules\.staging\bcrypt-febb5f9d is being purged
188 verbose gentlyRm don't care about contents; nuking C:\users\shrey\desktop\projects\associate-me-app\node_modules\.staging\bcrypt-febb5f9d
189 silly gunzTarPerm modes [ '777', '666' ]
190 silly gunzTarPerm modes [ '777', '666' ]
191 silly gunzTarPerm modes [ '777', '666' ]
192 silly gunzTarPerm extractEntry package.json
193 silly gunzTarPerm modified mode [ 'package.json', 420, 438 ]
194 silly gunzTarPerm extractEntry package.json
195 silly gunzTarPerm modified mode [ 'package.json', 420, 438 ]
196 silly gunzTarPerm extractEntry package.json
197 silly gunzTarPerm modified mode [ 'package.json', 436, 438 ]
198 silly gunzTarPerm extractEntry README.md
199 silly gunzTarPerm modified mode [ 'README.md', 420, 438 ]
200 silly gunzTarPerm extractEntry bindings.js
201 silly gunzTarPerm modified mode [ 'bindings.js', 420, 438 ]
202 silly gunzTarPerm extractEntry .npmignore
203 silly gunzTarPerm modified mode [ '.npmignore', 420, 438 ]
204 silly gunzTarPerm extractEntry README.md
205 silly gunzTarPerm modified mode [ 'README.md', 420, 438 ]
206 silly gunzTarPerm extractEntry README.md
207 silly gunzTarPerm modified mode [ 'README.md', 436, 438 ]
208 silly gunzTarPerm extractEntry include_dirs.js
209 silly gunzTarPerm modified mode [ 'include_dirs.js', 436, 438 ]
210 silly gunzTarPerm extractEntry nan_converters.h
211 silly gunzTarPerm modified mode [ 'nan_converters.h', 436, 438 ]
212 silly gunzTarPerm extractEntry LICENSE.md
213 silly gunzTarPerm modified mode [ 'LICENSE.md', 436, 438 ]
214 silly gunzTarPerm extractEntry .dntrc
215 silly gunzTarPerm modified mode [ '.dntrc', 436, 438 ]
216 silly gunzTarPerm extractEntry appveyor.yml
217 silly gunzTarPerm modified mode [ 'appveyor.yml', 436, 438 ]
218 silly gunzTarPerm extractEntry doc/new.md
219 silly gunzTarPerm modified mode [ 'doc/new.md', 436, 438 ]
220 silly gunzTarPerm extractEntry doc/.build.sh
221 silly gunzTarPerm modified mode [ 'doc/.build.sh', 509, 511 ]
222 silly gunzTarPerm extractEntry doc/buffers.md
223 silly gunzTarPerm modified mode [ 'doc/buffers.md', 436, 438 ]
224 silly gunzTarPerm extractEntry doc/callback.md
225 silly gunzTarPerm modified mode [ 'doc/callback.md', 436, 438 ]
226 silly gunzTarPerm extractEntry doc/converters.md
227 silly gunzTarPerm modified mode [ 'doc/converters.md', 436, 438 ]
228 silly gunzTarPerm extractEntry doc/errors.md
229 silly gunzTarPerm modified mode [ 'doc/errors.md', 436, 438 ]
230 silly gunzTarPerm extractEntry doc/maybe_types.md
231 silly gunzTarPerm modified mode [ 'doc/maybe_types.md', 436, 438 ]
232 silly gunzTarPerm extractEntry doc/methods.md
233 silly gunzTarPerm modified mode [ 'doc/methods.md', 436, 438 ]
234 silly gunzTarPerm extractEntry doc/asyncworker.md
235 silly gunzTarPerm modified mode [ 'doc/asyncworker.md', 436, 438 ]
236 silly gunzTarPerm extractEntry doc/node_misc.md
237 silly gunzTarPerm modified mode [ 'doc/node_misc.md', 436, 438 ]
238 silly gunzTarPerm extractEntry doc/persistent.md
239 silly gunzTarPerm modified mode [ 'doc/persistent.md', 436, 438 ]
240 silly gunzTarPerm extractEntry doc/scopes.md
241 silly gunzTarPerm modified mode [ 'doc/scopes.md', 436, 438 ]
242 silly gunzTarPerm extractEntry doc/script.md
243 silly gunzTarPerm modified mode [ 'doc/script.md', 436, 438 ]
244 silly gunzTarPerm extractEntry doc/string_bytes.md
245 silly gunzTarPerm modified mode [ 'doc/string_bytes.md', 436, 438 ]
246 silly gunzTarPerm extractEntry doc/v8_internals.md
247 silly gunzTarPerm modified mode [ 'doc/v8_internals.md', 436, 438 ]
248 silly gunzTarPerm extractEntry doc/v8_misc.md
249 silly gunzTarPerm modified mode [ 'doc/v8_misc.md', 436, 438 ]
250 silly gunzTarPerm extractEntry nan.h
251 silly gunzTarPerm modified mode [ 'nan.h', 436, 438 ]
252 silly gunzTarPerm extractEntry nan_callbacks.h
253 silly gunzTarPerm modified mode [ 'nan_callbacks.h', 436, 438 ]
254 silly gunzTarPerm extractEntry nan_callbacks_12_inl.h
255 silly gunzTarPerm modified mode [ 'nan_callbacks_12_inl.h', 436, 438 ]
256 silly gunzTarPerm extractEntry nan_callbacks_pre_12_inl.h
257 silly gunzTarPerm modified mode [ 'nan_callbacks_pre_12_inl.h', 436, 438 ]
258 silly gunzTarPerm extractEntry nan_converters_43_inl.h
259 silly gunzTarPerm modified mode [ 'nan_converters_43_inl.h', 436, 438 ]
260 silly gunzTarPerm extractEntry nan_converters_pre_43_inl.h
261 silly gunzTarPerm modified mode [ 'nan_converters_pre_43_inl.h', 436, 438 ]
262 silly gunzTarPerm extractEntry nan_implementation_12_inl.h
263 silly gunzTarPerm modified mode [ 'nan_implementation_12_inl.h', 436, 438 ]
264 silly gunzTarPerm extractEntry nan_implementation_pre_12_inl.h
265 silly gunzTarPerm modified mode [ 'nan_implementation_pre_12_inl.h', 436, 438 ]
266 silly gunzTarPerm extractEntry nan_maybe_43_inl.h
267 silly gunzTarPerm modified mode [ 'nan_maybe_43_inl.h', 436, 438 ]
268 silly gunzTarPerm extractEntry nan_maybe_pre_43_inl.h
269 silly gunzTarPerm modified mode [ 'nan_maybe_pre_43_inl.h', 436, 438 ]
270 silly gunzTarPerm extractEntry nan_new.h
271 silly gunzTarPerm modified mode [ 'nan_new.h', 436, 438 ]
272 silly gunzTarPerm extractEntry nan_object_wrap.h
273 silly gunzTarPerm modified mode [ 'nan_object_wrap.h', 436, 438 ]
274 silly gunzTarPerm extractEntry nan_persistent_12_inl.h
275 silly gunzTarPerm modified mode [ 'nan_persistent_12_inl.h', 436, 438 ]
276 silly gunzTarPerm extractEntry nan_persistent_pre_12_inl.h
277 silly gunzTarPerm modified mode [ 'nan_persistent_pre_12_inl.h', 436, 438 ]
278 silly gunzTarPerm extractEntry nan_string_bytes.h
279 silly gunzTarPerm modified mode [ 'nan_string_bytes.h', 436, 438 ]
280 silly gunzTarPerm extractEntry nan_weak.h
281 silly gunzTarPerm modified mode [ 'nan_weak.h', 436, 438 ]
282 silly gunzTarPerm extractEntry CHANGELOG.md
283 silly gunzTarPerm modified mode [ 'CHANGELOG.md', 436, 438 ]
284 silly gunzTarPerm extractEntry tools/package.json
285 silly gunzTarPerm modified mode [ 'tools/package.json', 436, 438 ]
286 silly gunzTarPerm extractEntry tools/README.md
287 silly gunzTarPerm modified mode [ 'tools/README.md', 436, 438 ]
288 silly gunzTarPerm extractEntry tools/1to2.js
289 silly gunzTarPerm modified mode [ 'tools/1to2.js', 509, 511 ]
290 silly gunzTarPerm extractEntry LICENSE
291 silly gunzTarPerm modified mode [ 'LICENSE', 420, 438 ]
292 silly gunzTarPerm extractEntry bcrypt.js
293 silly gunzTarPerm modified mode [ 'bcrypt.js', 420, 438 ]
294 silly gunzTarPerm extractEntry binding.gyp
295 silly gunzTarPerm modified mode [ 'binding.gyp', 420, 438 ]
296 silly gunzTarPerm extractEntry .travis.yml
297 silly gunzTarPerm modified mode [ '.travis.yml', 420, 438 ]
298 silly gunzTarPerm extractEntry CHANGELOG.md
299 silly gunzTarPerm modified mode [ 'CHANGELOG.md', 420, 438 ]
300 silly gunzTarPerm extractEntry examples/async_compare.js
301 silly gunzTarPerm modified mode [ 'examples/async_compare.js', 420, 438 ]
302 silly gunzTarPerm extractEntry examples/forever_gen_salt.js
303 silly gunzTarPerm modified mode [ 'examples/forever_gen_salt.js', 420, 438 ]
304 silly gentlyRm C:\users\shrey\desktop\projects\associate-me-app\node_modules\.staging\bindings-afe90e36\node_modules is being purged
305 verbose gentlyRm don't care about contents; nuking C:\users\shrey\desktop\projects\associate-me-app\node_modules\.staging\bindings-afe90e36\node_modules
306 silly gunzTarPerm extractEntry test/async.js
307 silly gunzTarPerm modified mode [ 'test/async.js', 420, 438 ]
308 silly gunzTarPerm extractEntry test/repetitions.js
309 silly gunzTarPerm modified mode [ 'test/repetitions.js', 420, 438 ]
310 silly gunzTarPerm extractEntry test/sync.js
311 silly gunzTarPerm modified mode [ 'test/sync.js', 420, 438 ]
312 silly gunzTarPerm extractEntry Makefile
313 silly gunzTarPerm modified mode [ 'Makefile', 420, 438 ]
314 silly gunzTarPerm extractEntry src/bcrypt.cc
315 silly gunzTarPerm modified mode [ 'src/bcrypt.cc', 420, 438 ]
316 silly gunzTarPerm extractEntry src/bcrypt_node.cc
317 silly gunzTarPerm modified mode [ 'src/bcrypt_node.cc', 420, 438 ]
318 silly gunzTarPerm extractEntry src/blowfish.cc
319 silly gunzTarPerm modified mode [ 'src/blowfish.cc', 420, 438 ]
320 silly gunzTarPerm extractEntry src/node_blf.h
321 silly gunzTarPerm modified mode [ 'src/node_blf.h', 420, 438 ]
322 silly gunzTarPerm extractEntry werker.yml
323 silly gunzTarPerm modified mode [ 'werker.yml', 420, 438 ]
324 silly gentlyRm C:\users\shrey\desktop\projects\associate-me-app\node_modules\.staging\bcrypt-febb5f9d\node_modules is being purged
325 verbose gentlyRm don't care about contents; nuking C:\users\shrey\desktop\projects\associate-me-app\node_modules\.staging\bcrypt-febb5f9d\node_modules
326 silly gentlyRm C:\users\shrey\desktop\projects\associate-me-app\node_modules\.staging\nan-6e985350\node_modules is being purged
327 verbose gentlyRm don't care about contents; nuking C:\users\shrey\desktop\projects\associate-me-app\node_modules\.staging\nan-6e985350\node_modules
328 silly doParallel preinstall 3
329 silly preinstall bindings@1.2.1 C:\users\shrey\desktop\projects\associate-me-app\node_modules\.staging\bindings-afe90e36
330 info lifecycle bindings@1.2.1~preinstall: bindings@1.2.1
331 silly preinstall nan@2.0.5 C:\users\shrey\desktop\projects\associate-me-app\node_modules\.staging\nan-6e985350
332 info lifecycle nan@2.0.5~preinstall: nan@2.0.5
333 silly preinstall bcrypt@0.8.5 C:\users\shrey\desktop\projects\associate-me-app\node_modules\.staging\bcrypt-febb5f9d
334 info lifecycle bcrypt@0.8.5~preinstall: bcrypt@0.8.5
335 silly lifecycle bindings@1.2.1~preinstall: no script for preinstall, continuing
336 silly lifecycle bcrypt@0.8.5~preinstall: no script for preinstall, continuing
337 silly lifecycle nan@2.0.5~preinstall: no script for preinstall, continuing
338 silly doReverseSerial remove 0
339 silly doSerial move 0
340 silly doSerial finalize 3
341 silly finalize C:\users\shrey\desktop\projects\associate-me-app\node_modules\bindings
342 silly finalize C:\users\shrey\desktop\projects\associate-me-app\node_modules\nan
343 silly finalize C:\users\shrey\desktop\projects\associate-me-app\node_modules\bcrypt
344 silly doSerial build 3
345 silly build bindings@1.2.1
346 info linkStuff bindings@1.2.1
347 silly linkStuff bindings@1.2.1 has C:\users\shrey\desktop\projects\associate-me-app\node_modules as its parent node_modules
348 verbose linkBins bindings@1.2.1
349 verbose linkMans bindings@1.2.1
350 silly build nan@2.0.5
351 info linkStuff nan@2.0.5
352 silly linkStuff nan@2.0.5 has C:\users\shrey\desktop\projects\associate-me-app\node_modules as its parent node_modules
353 verbose linkBins nan@2.0.5
354 verbose linkMans nan@2.0.5
355 silly build bcrypt@0.8.5
356 info linkStuff bcrypt@0.8.5
357 silly linkStuff bcrypt@0.8.5 has C:\users\shrey\desktop\projects\associate-me-app\node_modules as its parent node_modules
358 verbose linkBins bcrypt@0.8.5
359 verbose linkMans bcrypt@0.8.5
360 silly doSerial global-link 0
361 silly doParallel update-linked 0
362 silly doSerial install 3
363 silly install bindings@1.2.1 C:\users\shrey\desktop\projects\associate-me-app\node_modules\.staging\bindings-afe90e36
364 info lifecycle bindings@1.2.1~install: bindings@1.2.1
365 silly lifecycle bindings@1.2.1~install: no script for install, continuing
366 silly install nan@2.0.5 C:\users\shrey\desktop\projects\associate-me-app\node_modules\.staging\nan-6e985350
367 info lifecycle nan@2.0.5~install: nan@2.0.5
368 silly lifecycle nan@2.0.5~install: no script for install, continuing
369 silly install bcrypt@0.8.5 C:\users\shrey\desktop\projects\associate-me-app\node_modules\.staging\bcrypt-febb5f9d
370 info lifecycle bcrypt@0.8.5~install: bcrypt@0.8.5
371 verbose lifecycle bcrypt@0.8.5~install: unsafe-perm in lifecycle true
372 verbose lifecycle bcrypt@0.8.5~install: PATH: C:\Program Files\nodejs\node_modules\npm\bin\node-gyp-bin;C:\users\shrey\desktop\projects\associate-me-app\node_modules\bcrypt\node_modules\.bin;C:\users\shrey\desktop\projects\associate-me-app\node_modules\.bin;C:\Program Files\nodejs;C:\Users\shrey\bin;C:\Program Files\Git\mingw64\bin;C:\Program Files\Git\usr\local\bin;C:\Program Files\Git\usr\bin;C:\Program Files\Git\usr\bin;C:\Program Files\Git\mingw64\bin;C:\Program Files\Git\usr\bin;C:\Users\shrey\bin;C:\WINDOWS\system32;C:\WINDOWS;C:\WINDOWS\System32\Wbem;C:\WINDOWS\System32\WindowsPowerShell\v1.0;C:\Program Files\Git\cmd;C:\Program Files\nodejs;C:\Program Files (x86)\Heroku\bin;C:\Program Files (x86)\git\cmd;C:\Users\shrey\AppData\Roaming\npm;C:\Program Files\Git\usr\bin\vendor_perl;C:\Program Files\Git\usr\bin\core_perl
373 verbose lifecycle bcrypt@0.8.5~install: CWD: C:\users\shrey\desktop\projects\associate-me-app\node_modules\bcrypt
374 silly lifecycle bcrypt@0.8.5~install: Args: [ '/d /s /c', 'node-gyp rebuild' ]
375 silly lifecycle bcrypt@0.8.5~install: Returned: code: 1  signal: null
376 info lifecycle bcrypt@0.8.5~install: Failed to exec install script
377 verbose unlock done using C:\Users\shrey\AppData\Roaming\npm-cache\_locks\staging-745f041dfb5e72f0.lock for C:\users\shrey\desktop\projects\associate-me-app\node_modules\.staging
378 silly rollbackFailedOptional Starting
379 silly rollbackFailedOptional Finishing
380 silly runTopLevelLifecycles Starting
381 silly runTopLevelLifecycles Finishing
382 silly install printInstalled
383 warn socketio@1.0.0 No description
384 warn socketio@1.0.0 No repository field.
385 verbose stack Error: bcrypt@0.8.5 install: `node-gyp rebuild`
385 verbose stack Exit status 1
385 verbose stack     at EventEmitter.<anonymous> (C:\Program Files\nodejs\node_modules\npm\lib\utils\lifecycle.js:239:16)
385 verbose stack     at emitTwo (events.js:100:13)
385 verbose stack     at EventEmitter.emit (events.js:185:7)
385 verbose stack     at ChildProcess.<anonymous> (C:\Program Files\nodejs\node_modules\npm\lib\utils\spawn.js:24:14)
385 verbose stack     at emitTwo (events.js:100:13)
385 verbose stack     at ChildProcess.emit (events.js:185:7)
385 verbose stack     at maybeClose (internal/child_process.js:850:16)
385 verbose stack     at Process.ChildProcess._handle.onexit (internal/child_process.js:215:5)
386 verbose pkgid bcrypt@0.8.5
387 verbose cwd C:\users\shrey\desktop\projects\associate-me-app
388 error Windows_NT 10.0.10586
389 error argv "C:\\Program Files\\nodejs\\node.exe" "C:\\Program Files\\nodejs\\node_modules\\npm\\bin\\npm-cli.js" "install" "bcrypt" "--save"
390 error node v5.9.0
391 error npm  v3.7.3
392 error code ELIFECYCLE
393 error bcrypt@0.8.5 install: `node-gyp rebuild`
393 error Exit status 1
394 error Failed at the bcrypt@0.8.5 install script 'node-gyp rebuild'.
394 error Make sure you have the latest version of node.js and npm installed.
394 error If you do, this is most likely a problem with the bcrypt package,
394 error not with npm itself.
394 error Tell the author that this fails on your system:
394 error     node-gyp rebuild
394 error You can get information on how to open an issue for this project with:
394 error     npm bugs bcrypt
394 error Or if that isn't available, you can get their info via:
394 error     npm owner ls bcrypt
394 error There is likely additional logging output above.
395 verbose exit [ 1, true ]
